<?xml version="1.0" encoding="UTF-8"?>
<testng-results ignored="0" total="1" passed="1" failed="0" skipped="0">
  <reporter-output>
  </reporter-output>
  <suite started-at="2023-10-30T10:31:52 EDT" name="Default suite" finished-at="2023-10-30T10:31:55 EDT" duration-ms="2936">
    <groups>
    </groups>
    <test started-at="2023-10-30T10:31:52 EDT" name="Default test" finished-at="2023-10-30T10:31:55 EDT" duration-ms="2936">
      <class name="ValidateFunctionality.ValidateGetUserAPI">
        <test-method is-config="true" signature="beforeSuite()[pri:0, instance:ValidateFunctionality.ValidateGetUserAPI@1f3f4916]" started-at="2023-10-30T10:31:52 EDT" name="beforeSuite" finished-at="2023-10-30T10:31:52 EDT" duration-ms="11" status="PASS">
          <reporter-output>
          </reporter-output>
        </test-method> <!-- beforeSuite -->
        <test-method is-config="true" signature="beforeClass()[pri:0, instance:ValidateFunctionality.ValidateGetUserAPI@1f3f4916]" started-at="2023-10-30T10:31:52 EDT" name="beforeClass" finished-at="2023-10-30T10:31:53 EDT" duration-ms="458" status="PASS">
          <reporter-output>
          </reporter-output>
        </test-method> <!-- beforeClass -->
        <test-method signature="validateGetUserByID()[pri:0, instance:ValidateFunctionality.ValidateGetUserAPI@1f3f4916]" started-at="2023-10-30T10:31:53 EDT" name="validateGetUserByID" description="validate get user by ID" finished-at="2023-10-30T10:31:55 EDT" duration-ms="2450" status="PASS">
          <reporter-output>
          </reporter-output>
        </test-method> <!-- validateGetUserByID -->
      </class> <!-- ValidateFunctionality.ValidateGetUserAPI -->
    </test> <!-- Default test -->
  </suite> <!-- Default suite -->
</testng-results>
